make all --print-data-base --no-builtin-variables --no-builtin-rules --question
# GNU Make 3.81
# Copyright (C) 2006  Free Software Foundation, Inc.
# This is free software; see the source for copying conditions.
# There is NO warranty; not even for MERCHANTABILITY or FITNESS FOR A
# PARTICULAR PURPOSE.

# This program built for i386-apple-darwin11.3.0
 
Makefile:15: *** multiple target patterns.  Stop.


# Make data base, printed on Fri Jun 10 14:23:05 2022

# Variables

# automatic
<D = $(patsubst %/,%,$(dir $<))
# makefile (from `Makefile', line 6)
PATTERN_NAME := "pattern-fledge"
 
# environment
RUBY_VERSION = ruby-3.0.4
# automatic
?F = $(notdir $?)
# makefile (from `Makefile', line 3)
DOCKERHUB_ID = joewxboy
# environment
VSCODE_LOG_NATIVE = false
# automatic
?D = $(patsubst %/,%,$(dir $?))
# environment
rvm_path = /Users/edge/.rvm
# automatic
@D = $(patsubst %/,%,$(dir $@))
# automatic
@F = $(notdir $@)
# makefile
CURDIR := /Users/edge/dev/service-fledge
# makefile
SHELL = /bin/sh
# environment
VSCODE_NLS_CONFIG = {"locale":"en-us","availableLanguages":{},"_languagePackSupport":true}
# environment
_ = /usr/bin/make
# makefile (from `Makefile', line 1)
MAKEFILE_LIST :=  Makefile
# environment
VSCODE_VERBOSE_LOGGING = true
# environment
__CFBundleIdentifier = com.microsoft.VSCode
# environment
VSCODE_IPC_HOOK_EXTHOST = /var/folders/1s/xp8lb2xj2sbb1r3pqtddk8yr0000gn/T/vscode-ipc-2cf54b1e-62ef-4d44-a106-2a5bff7b9244.sock
# environment
VSCODE_CWD = /
# environment
PATH = /Users/edge/.rvm/gems/ruby-3.0.4/bin:/Users/edge/.rvm/gems/ruby-3.0.4@global/bin:/Users/edge/.rvm/rubies/ruby-3.0.4/bin:/usr/local/opt/ruby@3.0/bin:/usr/local/opt/gettext/bin:/usr/local/bin:/usr/bin:/bin:/usr/sbin:/sbin:/Users/edge/.rvm/bin
# makefile (from `Makefile', line 8)
HZN_ORG_ID = examples
# makefile (from `Makefile', line 4)
SERVICE_NAME := "service-fledge"
# environment
VSCODE_LOG_STACK = false
# environment
ELECTRON_RUN_AS_NODE = 1
# default
.FEATURES := target-specific order-only second-expansion else-if archives jobserver check-symlink
# environment
SSH_AUTH_SOCK = /private/tmp/com.apple.launchd.Q0Th4dmztm/Listeners
# automatic
%F = $(notdir $%)
# environment
VSCODE_PIPE_LOGGING = true
# environment
rvm_bin_path = /Users/edge/.rvm/bin
# environment
PWD = /Users/edge/dev/service-fledge
# environment
GEM_HOME = /Users/edge/.rvm/gems/ruby-3.0.4
# environment
ORIGINAL_XDG_CURRENT_DESKTOP = undefined
# environment
VSCODE_AMD_ENTRYPOINT = vs/workbench/api/node/extensionHostProcess
# environment
HOME = /Users/edge
# default
MAKEFILEPATH = $(shell /usr/bin/xcode-select -print-path 2>/dev/null || echo /Developer)/Makefiles
# environment
VSCODE_CODE_CACHE_PATH = /Users/edge/Library/Application Support/Code/CachedData/4af164ea3a06f701fe3e89a2bcbb421d2026b68f
# environment
LOGNAME = edge
# environment
APPLICATION_INSIGHTS_NO_DIAGNOSTIC_CHANNEL = true
# environment
VSCODE_HANDLES_UNCAUGHT_ERRORS = true
# automatic
^D = $(patsubst %/,%,$(dir $^))
# environment
GEM_PATH = /Users/edge/.rvm/gems/ruby-3.0.4:/Users/edge/.rvm/gems/ruby-3.0.4@global
# environment
XPC_FLAGS = 0x0
# default
MAKE = $(MAKE_COMMAND)
# default
MAKECMDGOALS := all
# environment
IRBRC = /Users/edge/.rvm/rubies/ruby-3.0.4/.irbrc
# environment
SHLVL = 1
# default
MAKE_VERSION := 3.81
# environment
USER = edge
# makefile
.DEFAULT_GOAL := build
# environment
rvm_version = 1.29.12-next (master)
# automatic
%D = $(patsubst %/,%,$(dir $%))
# default
MAKE_COMMAND := /Library/Developer/CommandLineTools/usr/bin/make
# default
.VARIABLES := 
# environment
TMPDIR = /var/folders/1s/xp8lb2xj2sbb1r3pqtddk8yr0000gn/T/
# automatic
*F = $(notdir $*)
# environment
VSCODE_IPC_HOOK = /Users/edge/Library/Application Support/Code/1.68.0-main.sock
# makefile (from `Makefile', line 7)
ARCH = "arm"
# makefile
MAKEFLAGS = Rrqp
# environment
MFLAGS = -Rrqp
# automatic
*D = $(patsubst %/,%,$(dir $*))
# environment
XPC_SERVICE_NAME = application.com.microsoft.VSCode.12889288819.12889288825
# automatic
+D = $(patsubst %/,%,$(dir $+))
# automatic
+F = $(notdir $+)
# makefile (from `Makefile', line 5)
SERVICE_VERSION := "0.0.1"
# environment
__CF_USER_TEXT_ENCODING = 0x1F5:0x0:0x0
# environment
COMMAND_MODE = unix2003
# default
MAKEFILES := 
# automatic
<F = $(notdir $<)
# environment
LC_ALL = C
# automatic
^F = $(notdir $^)
# makefile (from `Makefile', line 9)
DOCKER_IMAGE_BASE = "openhorizon/service-fledge"
# environment
rvm_prefix = /Users/edge
# default
SUFFIXES := 
# default
.INCLUDE_DIRS = /usr/local/include
# environment
MAKELEVEL := 0
# environment
LANG = C
# environment
VSCODE_PID = 67916
# environment
MY_RUBY_HOME = /Users/edge/.rvm/rubies/ruby-3.0.4
# variable set hash-table stats:
 
# Load=78/1024=8%, Rehash=0, Collisions=2/104=2%

# Pattern-specific Variable Values

# No pattern-specific variable values.

# Directories

# . (device 16777220, inode 12888849772): 10 files, no impossibilities.

# 10 files, no impossibilities in 1 directories.

# Implicit Rules

# No implicit rules.

# Files

"openhorizon/service-fledge"_"arm": "0.0.1" -f ./Dockerfile."arm" .
#  Implicit rule search has not been done.
#  Modification time never checked.
#  File has not been updated.

# Not a target:
all:
#  Command-line target.
#  Implicit rule search has not been done.
#  Modification time never checked.
#  File has not been updated.

# Not a target:
.SUFFIXES:
#  Implicit rule search has not been done.
#  Modification time never checked.
#  File has not been updated.

# Not a target:
Makefile:
#  Implicit rule search has not been done.
#  Modification time never checked.
#  File has not been updated.

build: "0.0.1" -f ./Dockerfile."arm" .
#  Implicit rule search has not been done.
#  Modification time never checked.
#  File has not been updated.

buildx: "0.0.1" -f ./Dockerfile."arm" .
#  Implicit rule search has not been done.
#  Modification time never checked.
#  File has not been updated.

--platform: "0.0.1" -f ./Dockerfile."arm" .
#  Implicit rule search has not been done.
#  Modification time never checked.
#  File has not been updated.

# Not a target:
.DEFAULT:
#  Implicit rule search has not been done.
#  Modification time never checked.
#  File has not been updated.

clean:
#  Implicit rule search has not been done.
#  Modification time never checked.
#  File has not been updated.

docker: "0.0.1" -f ./Dockerfile."arm" .
#  Implicit rule search has not been done.
#  Modification time never checked.
#  File has not been updated.

-t: "0.0.1" -f ./Dockerfile."arm" .
#  Implicit rule search has not been done.
#  Modification time never checked.
#  File has not been updated.

linux/arm/v7: "0.0.1" -f ./Dockerfile."arm" .
#  Implicit rule search has not been done.
#  Modification time never checked.
#  File has not been updated.

# files hash-table stats:
# Load=12/1024=1%, Rehash=0, Collisions=0/14=0%
# VPATH Search Paths

# No `vpath' search paths.

# No general (`VPATH' variable) search path.

# # of strings in strcache: 1
# # of strcache buffers: 1
# strcache size: total = 4096 / max = 4096 / min = 4096 / avg = 4096
# strcache free: total = 4087 / max = 4087 / min = 4087 / avg = 4087

# Finished Make data base on Fri Jun 10 14:23:05 2022

 
